
Statistics for the loaded model
Number of objects:	195
Number of folders:	53
Depth of object tree:	8

AnyObject: 195
  AnyFolder: 53
    AnyConfigFolder: 9
      AnyWorkSpaceFolder: 6
        AnyMechObject: 5
          AnyRefFrame: 5
            AnyFixedRefFrame: 1
            AnyPositionedRefFrame: 4
              AnyRefNode: 2
              AnyMovingRefFrame: 2
                AnySeg: 2
        AnyStudy: 1
          AnyTimeStudy: 1
            AnyMechStudy: 1
              AnyBodyStudy: 1
      AnyDrawObject: 3
        AnyDrawObjectRigid: 3
          AnyDrawObjectRigidFormatted: 3
            AnyDrawRefFrame: 1
            AnyDrawSurf: 2
    AnyFunction: 2
      AnyFunTransform3D: 2
        AnyFunTransform3DIdentity: 2
    AnyMonoFunction: 2
      AnyMonoFunTransform3D: 2
    AnyFunctionArgList: 2
    AnyOutputFolderGeneral: 2
      AnyOutputFolder: 1
      AnyAbscissaFolder: 1
    AnyOperation: 5
      AnyMechStudyModelInfo: 1
      AnyMechStudySetInitCond: 1
      AnyMechStudyKinAnl: 1
      AnyMechStudyInvDynAnl: 1
      AnyBodyStudyMusCalAnl: 1
  AnyValue: 137
    AnyFloat: 130
      AnyVar: 44
      AnyVec3: 56
      AnyMat33: 7
      AnyOutputFloatLink: 22
        AnyOutputFloat: 22
      AnyVector: 1
    AnyFile: 3
      AnyFileVar: 3
        AnySurfFile: 2
    AnyEnum: 4
      AnySwitch: 3
      AnyMuscleRecruitmentSolver: 1
  AnyRefObject: 5
